[debug] [2021-11-13T10:53:51.770Z] ----------------------------------------------------------------------
[debug] [2021-11-13T10:53:51.778Z] Command:       C:\Program Files\nodejs\node.exe C:\Users\DELL\AppData\Roaming\npm\node_modules\firebase-tools\lib\bin\firebase.js init
[debug] [2021-11-13T10:53:51.779Z] CLI Version:   9.22.0
[debug] [2021-11-13T10:53:51.779Z] Platform:      win32
[debug] [2021-11-13T10:53:51.779Z] Node Version:  v14.16.0
[debug] [2021-11-13T10:53:51.781Z] Time:          Sat Nov 13 2021 17:53:51 GMT+0700 (Giờ Đông Dương)
[debug] [2021-11-13T10:53:51.782Z] ----------------------------------------------------------------------
[debug] 
[debug] [2021-11-13T10:53:51.788Z] >>> [apiv2][query] GET https://firebase-public.firebaseio.com/cli.json [none]
[debug] [2021-11-13T10:53:51.854Z] > command requires scopes: ["email","openid","https://www.googleapis.com/auth/cloudplatformprojects.readonly","https://www.googleapis.com/auth/firebase","https://www.googleapis.com/auth/cloud-platform"]
[debug] [2021-11-13T10:53:51.855Z] > authorizing via signed-in user (lil.dugong.1352001@gmail.com)
[info] 
     ######## #### ########  ######## ########     ###     ######  ########
     ##        ##  ##     ## ##       ##     ##  ##   ##  ##       ##
     ######    ##  ########  ######   ########  #########  ######  ######
     ##        ##  ##    ##  ##       ##     ## ##     ##       ## ##
     ##       #### ##     ## ######## ########  ##     ##  ######  ########

You're about to initialize a Firebase project in this directory:

  C:\Users\DELL\Documents\GitHub\Software-Technology-BKU-2021\my_res

[debug] [2021-11-13T10:53:52.642Z] <<< [apiv2][status] GET https://firebase-public.firebaseio.com/cli.json 200
[debug] [2021-11-13T10:53:52.642Z] <<< [apiv2][body] GET https://firebase-public.firebaseio.com/cli.json {"cloudBuildErrorAfter":1594252800000,"cloudBuildWarnAfter":1590019200000,"defaultNode10After":1594252800000,"minVersion":"3.0.5","node8DeploysDisabledAfter":1613390400000,"node8RuntimeDisabledAfter":1615809600000,"node8WarnAfter":1600128000000}
